<?xml version="1.0" encoding="utf-8"?>
<TestRun id="c7fd01dd-6193-4abb-b3ef-6cb63d127eb7" name="@nickhilderson 2026-02-24 19:53:01" xmlns="http://microsoft.com/schemas/VisualStudio/TeamTest/2010">
  <Times creation="2026-02-24T19:53:01.3293910+01:00" queuing="2026-02-24T19:53:01.3293910+01:00" start="2026-02-24T19:53:00.9111840+01:00" finish="2026-02-24T19:53:01.3296630+01:00" />
  <TestSettings name="default" id="4421ee45-e695-429c-b9d3-11519cba6f23">
    <Deployment runDeploymentRoot="_nickhilderson_2026-02-24_19_53_01" />
  </TestSettings>
  <TestLists>
    <TestList name="Results Not in a List" id="8c84fa94-04c1-424b-9868-57a2d4851a1d" />
    <TestList name="All Loaded Results" id="19431567-8539-422a-85d7-44ee4e166bda" />
  </TestLists>
  <ResultSummary outcome="Completed">
    <Counters total="0" executed="0" passed="0" failed="0" error="0" timeout="0" aborted="0" inconclusive="0" passedButRunAborted="0" notRunnable="0" notExecuted="0" disconnected="0" warning="0" completed="0" inProgress="0" pending="0" />
    <Output>
      <StdOut>[xUnit.net 00:00:00.00] xUnit.net VSTest Adapter v3.1.5+1b188a7b0a (64-bit .NET 10.0.3)
[xUnit.net 00:00:00.04]   Discovering: Project.IntegrationTests
[xUnit.net 00:00:00.05]   Discovered:  Project.IntegrationTests
</StdOut>
    </Output>
    <RunInfos>
      <RunInfo computerName="nickhilderson" outcome="Warning" timestamp="2026-02-24T19:53:01.2889120+01:00">
        <Text>No test is available in /Users/nickhilderson/Projects/Freya-Enterprise-Template/templates/FreyaTemplate/tests/Project.IntegrationTests/bin/Release/net10.0/Project.IntegrationTests.dll. Make sure that test discoverer &amp; executors are registered and platform &amp; framework version settings are appropriate and try again.</Text>
      </RunInfo>
    </RunInfos>
  </ResultSummary>
</TestRun>